<?xml version="1.0" encoding="UTF-8"?>
<testsuite xmlns:xsi="http://www.w3.org/2001/XMLSchema-instance" xsi:noNamespaceSchemaLocation="https://maven.apache.org/surefire/maven-surefire-plugin/xsd/surefire-test-report-3.0.xsd" version="3.0" name="lans.hotels.environment.EnvironmentTest" time="0.032" tests="7" errors="0" skipped="0" failures="0">
  <properties>
[...]
</properties>
  <testcase name="Environment_with_invalid_STAGE_fails" classname="lans.hotels.environment.EnvironmentTest" time="0.011"/>
  <testcase name="Env_fails_without_db_URL" classname="lans.hotels.environment.EnvironmentTest" time="0.001"/>
  <testcase name="Env_fails_without_db_USERNAME" classname="lans.hotels.environment.EnvironmentTest" time="0.006"/>
  <testcase name="Env_configured_with_PRODUCTION_STAGE_is_in_production" classname="lans.hotels.environment.EnvironmentTest" time="0.002"/>
  <testcase name="Environment_without_STAGE_fails" classname="lans.hotels.environment.EnvironmentTest" time="0.002"/>
  <testcase name="Env_configured_with_DEVELOPMENT_STAGE_is_in_development" classname="lans.hotels.environment.EnvironmentTest" time="0"/>
  <testcase name="Env_fails_without_db_PASSWORD" classname="lans.hotels.environment.EnvironmentTest" time="0.001"/>
</testsuite>